<?xml version="1.0" encoding="UTF-8"?>
<!-- Generated by org.testng.reporters.JUnitXMLReporter -->
<testsuite hostname="DESKTOP-8GP6Q0F" ignored="1" name="Test" tests="20" failures="0" timestamp="11 Sep 2023 07:16:59 GMT" time="0.113" errors="0">
  <testcase name="startTheCar" time="0.015" classname="testNG.DriveACar"/>
  <testcase name="highSchool" time="0.002" classname="testNG.DependanciesManagement"/>
  <testcase name="fifthTestCase" time="0.003" classname="testNG.SampleTestCase"/>
  <testcase name="firstTestCase" time="0.001" classname="testNG.SampleTestCase"/>
  <testcase name="fourthTestCase" time="0.0" classname="testNG.SampleTestCase"/>
  <testcase name="secondTestCase" time="0.002" classname="testNG.SampleTestCase"/>
  <testcase name="thirdTestCase" time="0.0" classname="testNG.SampleTestCase"/>
  <testcase name="startTheCar" time="0.0" classname="testNG.SkipATestCase"/>
  <testcase name="higherSecondary" time="0.001" classname="testNG.DependanciesManagement"/>
  <testcase name="engineering" time="0.001" classname="testNG.DependanciesManagement"/>
  <testcase name="putFirstGear" time="0.003" classname="testNG.DriveACar"/>
  <testcase name="putFirstGear" time="0.0" classname="testNG.SkipATestCase"/>
  <testcase name="putSecondGear" time="0.002" classname="testNG.DriveACar"/>
  <testcase name="putSecondGear" time="0.0" classname="testNG.SkipATestCase"/>
  <testcase name="putThirdGear" time="0.001" classname="testNG.DriveACar"/>
  <testcase name="putThirdGear" time="0.0" classname="testNG.SkipATestCase"/>
  <testcase name="putFourthGear" time="0.003" classname="testNG.DriveACar"/>
  <testcase name="putFourthGear" time="0.003" classname="testNG.SkipATestCase"/>
  <testcase name="putFifthGear" time="0.0" classname="testNG.DriveACar"/>
  <testcase name="putFifthGear" time="0.0" classname="testNG.SkipATestCase"/>
  <testcase name="turnOnTheMusic" time="0.0" classname="testNG.SkipATestCase">
    <ignored/>
  </testcase> <!-- turnOnTheMusic -->
</testsuite> <!-- Test -->
