<?xml version="1.0" encoding="UTF-8"?>
<testng-results skipped="0" failed="0" ignored="0" total="1" passed="1">
  <reporter-output>
  </reporter-output>
  <suite name="Default suite" duration-ms="5663" started-at="2023-09-28T12:21:25Z" finished-at="2023-09-28T12:21:31Z">
    <groups>
    </groups>
    <test name="Default test" duration-ms="5663" started-at="2023-09-28T12:21:25Z" finished-at="2023-09-28T12:21:31Z">
      <class name="PagefactorywithoutAnnotation.LoginWithoutFindby">
        <test-method status="PASS" signature="Login()[pri:0, instance:PagefactorywithoutAnnotation.LoginWithoutFindby@56f4468b]" name="Login" duration-ms="5640" started-at="2023-09-28T17:51:25Z" finished-at="2023-09-28T17:51:31Z">
          <reporter-output>
          </reporter-output>
        </test-method> <!-- Login -->
      </class> <!-- PagefactorywithoutAnnotation.LoginWithoutFindby -->
    </test> <!-- Default test -->
  </suite> <!-- Default suite -->
</testng-results>
